<?xml version="1.0" encoding="UTF-8"?>
<testsuite name="ru.netology.service.CashbackHackServiceTest" tests="1" skipped="0" failures="0" errors="0" timestamp="2021-01-23T18:19:36" hostname="DESKTOP-38ELMEP" time="0.006">
  <properties/>
  <testcase name="shouldCalculateCashback1000" classname="ru.netology.service.CashbackHackServiceTest" time="0.006"/>
  <system-out><![CDATA[]]></system-out>
  <system-err><![CDATA[]]></system-err>
</testsuite>
